<?xml version="1.0" encoding="UTF-8"?>
<testng-results ignored="0" total="1" passed="1" failed="0" skipped="0">
  <reporter-output>
  </reporter-output>
  <suite started-at="2024-06-14T13:32:15 IST" name="Suite" finished-at="2024-06-14T13:32:20 IST" duration-ms="5091">
    <groups>
      <group name="ErrorHandling">
        <method signature="ErrorValidationsTest.loginErrorValidation()[pri:0, instance:rahulshettyacademy.tests.ErrorValidationsTest@3571b748]" name="loginErrorValidation" class="rahulshettyacademy.tests.ErrorValidationsTest"/>
      </group> <!-- ErrorHandling -->
    </groups>
    <test started-at="2024-06-14T13:32:15 IST" name="Submit Order Test" finished-at="2024-06-14T13:32:15 IST" duration-ms="9">
    </test> <!-- Submit Order Test -->
    <test started-at="2024-06-14T13:32:15 IST" name="Error Validations Test" finished-at="2024-06-14T13:32:20 IST" duration-ms="5091">
      <class name="rahulshettyacademy.tests.ErrorValidationsTest">
        <test-method is-config="true" signature="launchApplication()[pri:0, instance:rahulshettyacademy.tests.ErrorValidationsTest@3571b748]" started-at="2024-06-14T13:32:15 IST" name="launchApplication" finished-at="2024-06-14T13:32:19 IST" duration-ms="4421" status="PASS">
          <reporter-output>
          </reporter-output>
        </test-method> <!-- launchApplication -->
        <test-method signature="loginErrorValidation()[pri:0, instance:rahulshettyacademy.tests.ErrorValidationsTest@3571b748]" started-at="2024-06-14T13:32:19 IST" name="loginErrorValidation" finished-at="2024-06-14T13:32:19 IST" duration-ms="441" status="PASS">
          <reporter-output>
          </reporter-output>
        </test-method> <!-- loginErrorValidation -->
        <test-method is-config="true" signature="tearDown()[pri:0, instance:rahulshettyacademy.tests.ErrorValidationsTest@3571b748]" started-at="2024-06-14T13:32:19 IST" name="tearDown" finished-at="2024-06-14T13:32:20 IST" duration-ms="174" status="PASS">
          <reporter-output>
          </reporter-output>
        </test-method> <!-- tearDown -->
      </class> <!-- rahulshettyacademy.tests.ErrorValidationsTest -->
    </test> <!-- Error Validations Test -->
  </suite> <!-- Suite -->
</testng-results>
